|SourceProjectName:TPubTemp.pss
|DestinationProjectName:index.html
TPubTemp.hhc
TPubTemp.hhk
UG_html\UG_Intro\UG_Intro.htm
UG_html\UG_Fundmtls\UG_Fundmtls.htm
UG_html\UG_SD\UG_SD.htm
UG_html\UG_Vdatas\UG_Vdatas.htm
UG_html\UG_Vgroups\UG_Vgroups.htm
UG_html\UG_RIS8s\UG_RIS8s.htm
UG_html\UG_RIS24s\UG_RIS24s.htm
UG_html\UG_GR\UG_GR.htm
UG_html\UG_Palettes\UG_Palettes.htm
UG_html\UG_MF_Annot\UG_MF_Annot.htm
UG_html\UG_Annot\UG_Annot.htm
UG_html\UG_DFSD\UG_DFSD.htm
UG_html\UG_Errors\UG_Errors.htm
UG_html\UG_Perform\UG_Perform.htm
UG_html\UG_Utils\UG_Utils.htm
UG_html\UG_RawDatainfo\UG_RawDatainfo.htm
UG_html\UG_BookIX\UG_BookIX.htm
UG_html\Example_R24\Example_R24.htm
UG_html\Examples_AN\Examples_AN.htm
UG_html\Examples_DFSD\Examples_DFSD.htm
UG_html\Example_DFAN\Example_DFAN.htm
UG_html\Example_Vd\Example_Vd.htm
UG_html\Example_GR\Example_GR.htm
UG_html\Example_Vg\Example_Vg.htm
UG_html\Examples_MAN\Examples_MAN.htm
UG_html\Example_PAL\Example_PAL.htm
UG_html\Example_R8\Example_R8.htm
UG_html\Examples_SD\Examples_SD.htm
UG_html\UG_Appndx\UG_Appndx.htm
UG_html\UG_Top\UG_Top.htm
UG_html\THG_Copyright\THG_Copyright.htm
UG_html\netCDF_copyright\netCDF_copyright.htm
TPubTemp.glo
template\Theme1_Standard\animated-overlay.gif
template\Theme1_Standard\BSBack.png
template\Theme1_Standard\BSBack_hover.png
template\Theme1_Standard\BSNext.png
template\Theme1_Standard\BSNext_hover.png
template\Theme1_Standard\close_sidebar.png
template\Theme1_Standard\glo.png
template\Theme1_Standard\Glossary.slp
template\Theme1_Standard\glo_buttonbar_small.png
template\Theme1_Standard\glo_hover.png
template\Theme1_Standard\glo_hover_buttonbar_small.png
template\Theme1_Standard\icon_back_small.png
template\Theme1_Standard\index.png
template\Theme1_Standard\Index.slp
template\Theme1_Standard\index_buttonbar_small.png
template\Theme1_Standard\index_hover.png
template\Theme1_Standard\index_hover_buttonbar_small.png
template\Theme1_Standard\jquery.js
template\Theme1_Standard\jqueryui-custom.css
template\Theme1_Standard\jqueryui-custom.js
template\Theme1_Standard\layout.js
template\Theme1_Standard\logo.png
template\Theme1_Standard\main.css
template\Theme1_Standard\MasterThemeSchema.xml
template\Theme1_Standard\open_sidebar.png
template\Theme1_Standard\overthrow.min.js
template\Theme1_Standard\overthrow.sidescroller.min.js
template\Theme1_Standard\preview\functionbar.png
template\Theme1_Standard\preview\global.png
template\Theme1_Standard\preview\glossary.png
template\Theme1_Standard\preview\glossary_mobile.png
template\Theme1_Standard\preview\header.png
template\Theme1_Standard\preview\index.png
template\Theme1_Standard\preview\index_mobile.png
template\Theme1_Standard\preview\mobile_navigation.png
template\Theme1_Standard\preview\search.png
template\Theme1_Standard\preview\sidebar.png
template\Theme1_Standard\preview\specialpage.png
template\Theme1_Standard\preview\tocnode.png
template\Theme1_Standard\preview\toctree.png
template\Theme1_Standard\Print.png
template\Theme1_Standard\Print_hover.png
template\Theme1_Standard\Search.png
template\Theme1_Standard\searchBack.png
template\Theme1_Standard\searchNext.png
template\Theme1_Standard\SearchResults.slp
template\Theme1_Standard\search_buttonbar.png
template\Theme1_Standard\search_buttonbar_hover.png
template\Theme1_Standard\search_buttonbar_small.png
template\Theme1_Standard\search_hover.png
template\Theme1_Standard\search_hover_buttonbar_small.png
template\Theme1_Standard\SLZConfig.xml
template\Theme1_Standard\switch.png
template\Theme1_Standard\Table_of_Contents.slp
template\Theme1_Standard\toc.png
template\Theme1_Standard\TOCNodeCloseBook.png
template\Theme1_Standard\TOCNodeCloseBookHover.png
template\Theme1_Standard\TOCNodeCloseBookSelected.png
template\Theme1_Standard\TOCNodeLink.png
template\Theme1_Standard\TOCNodeLinkHover.png
template\Theme1_Standard\TOCNodeLinkSelected.png
template\Theme1_Standard\TOCNodeOpenBook.png
template\Theme1_Standard\TOCNodeOpenBookHover.png
template\Theme1_Standard\TOCNodeOpenBookSelected.png
template\Theme1_Standard\TOCNodePage.png
template\Theme1_Standard\TOCNodePageHover.png
template\Theme1_Standard\TOCNodePageSelected.png
template\Theme1_Standard\TOCNodeUp.png
template\Theme1_Standard\TOCNodeUpSmall.png
template\Theme1_Standard\TOCTreeCloseBook.png
template\Theme1_Standard\TOCTreeCloseBookHover.png
template\Theme1_Standard\TOCTreeCloseBookSelected.png
template\Theme1_Standard\TOCTreeLink.png
template\Theme1_Standard\TOCTreeLinkHover.png
template\Theme1_Standard\TOCTreeLinkSelected.png
template\Theme1_Standard\TOCTreeOpenBook.png
template\Theme1_Standard\TOCTreeOpenBookHover.png
template\Theme1_Standard\TOCTreeOpenBookHoverSelected.png
template\Theme1_Standard\TOCTreeOpenBookSelected.png
template\Theme1_Standard\TOCTreePage.png
template\Theme1_Standard\TOCTreePageHover.png
template\Theme1_Standard\TOCTreePageSelected.png
template\Theme1_Standard\toc_buttonbar_small.png
template\Theme1_Standard\toc_hover.png
template\Theme1_Standard\toc_hover_buttonbar_small.png
template\Theme1_Standard\topic.png
template\Theme1_Standard\Topic.slp
template\Theme1_Standard\to_top.png
template\Theme1_Standard\ui-bg_flat_0_aaaaaa_40x100.png
template\Theme1_Standard\ui-bg_flat_55_fbec88_40x100.png
template\Theme1_Standard\ui-bg_glass_75_d0e5f5_1x400.png
template\Theme1_Standard\ui-bg_glass_85_dfeffc_1x400.png
template\Theme1_Standard\ui-bg_glass_95_fef1ec_1x400.png
template\Theme1_Standard\ui-bg_gloss-wave_55_5c9ccc_500x100.png
template\Theme1_Standard\ui-bg_inset-hard_100_f5f8f9_1x100.png
template\Theme1_Standard\ui-bg_inset-hard_100_fcfdfd_1x100.png
template\Theme1_Standard\ui-icons_217bc0_256x240.png
template\Theme1_Standard\ui-icons_2e83ff_256x240.png
template\Theme1_Standard\ui-icons_469bdd_256x240.png
template\Theme1_Standard\ui-icons_6da8d5_256x240.png
template\Theme1_Standard\ui-icons_cd0a0a_256x240.png
template\Theme1_Standard\ui-icons_d8e7f3_256x240.png
template\Theme1_Standard\ui-icons_f9bd01_256x240.png
UG_html\UG_Intro\UG_Intro.css
UG_html\UG_Fundmtls\UG_Fundmtls.css
UG_html\UG_SD\UG_SD.css
UG_html\UG_Vdatas\UG_Vdatas.css
UG_html\UG_Vgroups\UG_Vgroups.css
UG_html\UG_RIS8s\UG_RIS8s.css
UG_html\UG_RIS24s\UG_RIS24s.css
UG_html\UG_GR\UG_GR.css
UG_html\UG_Palettes\UG_Palettes.css
UG_html\UG_MF_Annot\UG_MF_Annot.css
UG_html\UG_Annot\UG_Annot.css
UG_html\UG_DFSD\UG_DFSD.css
UG_html\UG_Errors\UG_Errors.css
UG_html\UG_Perform\UG_Perform.css
UG_html\UG_Utils\UG_Utils.css
UG_html\UG_RawDatainfo\UG_RawDatainfo.css
UG_html\UG_BookIX\UG_BookIX.css
UG_html\Example_R24\Example_R24.css
UG_html\Examples_AN\Examples_AN.css
UG_html\Examples_DFSD\Examples_DFSD.css
UG_html\Example_DFAN\Example_DFAN.css
UG_html\Example_Vd\Example_Vd.css
UG_html\Example_GR\Example_GR.css
UG_html\Example_Vg\Example_Vg.css
UG_html\Examples_MAN\Examples_MAN.css
UG_html\Example_PAL\Example_PAL.css
UG_html\Example_R8\Example_R8.css
UG_html\Examples_SD\Examples_SD.css
UG_html\UG_Appndx\UG_Appndx.css
UG_html\UG_Top\UG_Top.css
UG_html\THG_Copyright\THG_Copyright.css
UG_html\netCDF_copyright\netCDF_copyright.css
UG_html\UG_Intro\UG_Intro00001.png
UG_html\UG_Intro\UG_Intro00002.png
UG_html\UG_Fundmtls\UG_Fundmtls00001.png
UG_html\UG_Fundmtls\UG_Fundmtls00002.png
UG_html\UG_Fundmtls\UG_Fundmtls00003.png
UG_html\UG_Fundmtls\UG_Fundmtls00004.png
UG_html\UG_Fundmtls\UG_Fundmtls00005.png
UG_html\UG_SD\UG_SD00001.png
UG_html\UG_SD\UG_SD00002.png
UG_html\UG_SD\UG_SD00003.png
UG_html\UG_SD\UG_SD00004.png
UG_html\UG_SD\UG_SD00005.png
UG_html\UG_Vdatas\UG_Vdatas00001.png
UG_html\UG_Vdatas\UG_Vdatas00002.png
UG_html\UG_Vdatas\UG_Vdatas00003.png
UG_html\UG_Vdatas\UG_Vdatas00004.png
UG_html\UG_Vdatas\UG_Vdatas00005.png
UG_html\UG_Vdatas\UG_Vdatas00006.png
UG_html\UG_Vdatas\UG_Vdatas00007.png
UG_html\UG_Vgroups\UG_Vgroups00001.png
UG_html\UG_Vgroups\UG_Vgroups00002.png
UG_html\UG_Vgroups\UG_Vgroups00003.png
UG_html\UG_Vgroups\UG_Vgroups00004.png
UG_html\UG_Vgroups\UG_Vgroups00005.png
UG_html\UG_Vgroups\UG_Vgroups00006.png
UG_html\UG_RIS8s\UG_RIS8s00001.png
UG_html\UG_RIS8s\UG_RIS8s00002.png
UG_html\UG_RIS24s\UG_RIS24s00001.png
UG_html\UG_RIS24s\UG_RIS24s00002.png
UG_html\UG_RIS24s\UG_RIS24s00003.png
UG_html\UG_GR\UG_GR00001.png
UG_html\UG_GR\UG_GR00002.png
UG_html\UG_GR\UG_GR00003.png
UG_html\UG_GR\UG_GR00004.png
UG_html\UG_Palettes\UG_Palettes00001.png
UG_html\UG_MF_Annot\UG_MF_Annot00001.png
UG_html\UG_MF_Annot\UG_MF_Annot00002.png
UG_html\UG_DFSD\UG_DFSD00001.png
UG_html\UG_Perform\UG_Perform00001.png
UG_html\UG_Perform\UG_Perform00002.png
UG_html\UG_Perform\UG_Perform00003.png
UG_html\UG_Perform\UG_Perform00004.png
UG_html\UG_Perform\UG_Perform00005.png
UG_html\UG_Perform\UG_Perform00006.png
UG_html\UG_Perform\UG_Perform00007.png
UG_html\UG_Perform\UG_Perform00008.png
UG_html\UG_Perform\UG_Perform00009.png
UG_html\UG_Perform\UG_Perform00010.png
UG_html\UG_Perform\UG_Perform00011.png
UG_html\UG_Perform\UG_Perform00012.png
UG_html\UG_Perform\UG_Perform00013.png
UG_html\UG_Perform\UG_Perform00014.png
UG_html\UG_Perform\UG_Perform00015.png
UG_html\UG_Perform\UG_Perform00016.png
UG_html\UG_Perform\UG_Perform00017.png
UG_html\UG_Perform\UG_Perform00018.png
UG_html\UG_Perform\UG_Perform00019.png
UG_html\UG_Perform\UG_Perform00020.png
UG_html\UG_Perform\UG_Perform00021.png
UG_html\UG_Utils\UG_Utils00001.png
UG_html\UG_Utils\UG_Utils00002.png
UG_html\UG_Utils\UG_Utils00003.png
RoboHHRE.lng
ehlpdhtm.js
Responsive_HTML5_stylesheet.css
whxdata\toc1.js
whxdata\toc2.js
whxdata\toc3.js
whxdata\toc4.js
whxdata\toc5.js
whxdata\toc6.js
whxdata\toc7.js
whxdata\toc8.js
whxdata\toc9.js
whxdata\toc10.js
whxdata\toc11.js
whxdata\toc12.js
whxdata\toc13.js
whxdata\toc14.js
whxdata\toc15.js
whxdata\toc16.js
whxdata\toc17.js
whxdata\toc18.js
whxdata\toc19.js
whxdata\toc20.js
whxdata\toc21.js
whxdata\toc22.js
whxdata\toc23.js
whxdata\toc24.js
whxdata\toc25.js
whxdata\toc26.js
whxdata\toc27.js
whxdata\toc28.js
whxdata\toc29.js
whxdata\toc30.js
whxdata\toc31.js
whxdata\toc32.js
whxdata\toc.js
whxdata\idata1.js
whxdata\idata2.js
whxdata\idata3.js
whxdata\idata4.js
whxdata\idata5.js
whxdata\idata6.js
whxdata\idata7.js
whxdata\idata8.js
whxdata\idata9.js
whxdata\idata10.js
whxdata\idata11.js
whxdata\idata12.js
whxdata\idata13.js
whxdata\idx.js
whxdata\gdata1.js
whxdata\glo.js
whxdata\package_0_xml.js
whxdata\package_1_xml.js
whxdata\package_2_xml.js
whxdata\package_3_xml.js
whxdata\package_4_xml.js
whxdata\package_5_xml.js
whxdata\package_6_xml.js
whxdata\package_7_xml.js
whxdata\package_8_xml.js
whxdata\package_9_xml.js
whxdata\package_10_xml.js
whxdata\package_11_xml.js
whxdata\package_12_xml.js
whxdata\package_13_xml.js
whxdata\package_14_xml.js
whxdata\package_15_xml.js
whxdata\package_16_xml.js
whxdata\package_17_xml.js
whxdata\package_18_xml.js
whxdata\package_19_xml.js
whxdata\package_20_xml.js
whxdata\package_21_xml.js
whxdata\package_22_xml.js
whxdata\package_23_xml.js
whxdata\package_24_xml.js
whxdata\package_25_xml.js
whxdata\package_26_xml.js
whxdata\package_27_xml.js
whxdata\package_28_xml.js
whxdata\package_29_xml.js
whxdata\package_30_xml.js
whxdata\package_31_xml.js
whxdata\package_32_xml.js
whxdata\package_33_xml.js
whxdata\package_34_xml.js
whxdata\package_35_xml.js
whxdata\package_36_xml.js
whxdata\package_37_xml.js
whxdata\package_38_xml.js
whxdata\package_39_xml.js
whxdata\package_40_xml.js
whxdata\package_41_xml.js
whxdata\package_42_xml.js
whxdata\package_43_xml.js
whxdata\package_44_xml.js
whxdata\package_45_xml.js
whxdata\package_46_xml.js
whxdata\package_47_xml.js
whxdata\package_48_xml.js
whxdata\package_49_xml.js
whxdata\package_50_xml.js
whxdata\package_51_xml.js
whxdata\package_52_xml.js
whxdata\package_53_xml.js
whxdata\package_54_xml.js
whxdata\package_55_xml.js
whxdata\package_56_xml.js
whxdata\package_57_xml.js
whxdata\package_58_xml.js
whxdata\package_59_xml.js
whxdata\package_60_xml.js
whxdata\package_61_xml.js
whxdata\package_62_xml.js
whxdata\package_63_xml.js
whxdata\package_64_xml.js
whxdata\package_65_xml.js
whxdata\package_66_xml.js
whxdata\package_67_xml.js
whxdata\package_68_xml.js
whxdata\package_69_xml.js
whxdata\package_70_xml.js
whxdata\package_71_xml.js
whxdata\package_72_xml.js
whxdata\package_73_xml.js
whxdata\package_74_xml.js
whxdata\package_75_xml.js
whxdata\package_76_xml.js
whxdata\package_77_xml.js
whxdata\package_78_xml.js
whxdata\package_79_xml.js
whxdata\package_80_xml.js
whxdata\package_81_xml.js
whxdata\package_82_xml.js
whxdata\package_83_xml.js
whxdata\package_84_xml.js
whxdata\package_85_xml.js
whxdata\package_86_xml.js
whxdata\package_87_xml.js
whxdata\package_88_xml.js
whxdata\package_89_xml.js
whxdata\package_90_xml.js
whxdata\package_91_xml.js
whxdata\package_92_xml.js
whxdata\package_93_xml.js
whxdata\package_94_xml.js
whxdata\package_95_xml.js
whxdata\package_96_xml.js
whxdata\package_97_xml.js
whxdata\package_98_xml.js
whxdata\package_99_xml.js
whxdata\package_100_xml.js
whxdata\package_101_xml.js
whxdata\package_102_xml.js
whxdata\package_103_xml.js
whxdata\package_104_xml.js
whxdata\package_105_xml.js
whxdata\package_106_xml.js
whxdata\package_107_xml.js
whxdata\package_108_xml.js
whxdata\package_109_xml.js
whxdata\package_110_xml.js
whxdata\package_111_xml.js
whxdata\package_112_xml.js
whxdata\package_113_xml.js
whxdata\package_114_xml.js
whxdata\package_115_xml.js
whxdata\package_116_xml.js
whxdata\package_117_xml.js
whxdata\package_118_xml.js
whxdata\package_119_xml.js
whxdata\package_120_xml.js
whxdata\package_121_xml.js
whxdata\package_122_xml.js
whxdata\package_123_xml.js
whxdata\package_124_xml.js
whxdata\package_125_xml.js
whxdata\package_126_xml.js
whxdata\package_127_xml.js
whxdata\package_128_xml.js
whxdata\package_129_xml.js
whxdata\package_130_xml.js
whxdata\package_131_xml.js
whxdata\package_132_xml.js
whxdata\package_133_xml.js
whxdata\package_134_xml.js
whxdata\package_135_xml.js
whxdata\package_136_xml.js
whxdata\package_137_xml.js
whxdata\package_138_xml.js
whxdata\package_139_xml.js
whxdata\package_140_xml.js
whxdata\package_141_xml.js
whxdata\package_142_xml.js
whxdata\package_143_xml.js
whxdata\package_144_xml.js
whxdata\package_145_xml.js
whxdata\package_146_xml.js
whxdata\package_147_xml.js
whxdata\package_148_xml.js
whxdata\package_149_xml.js
whxdata\package_150_xml.js
whxdata\package_151_xml.js
whxdata\package_152_xml.js
whxdata\package_153_xml.js
whxdata\package_154_xml.js
whxdata\package_155_xml.js
whxdata\package_156_xml.js
whxdata\package_157_xml.js
whxdata\package_158_xml.js
whxdata\package_159_xml.js
whxdata\package_160_xml.js
whxdata\package_161_xml.js
whxdata\package_162_xml.js
whxdata\package_163_xml.js
whxdata\package_164_xml.js
whxdata\package_165_xml.js
whxdata\package_166_xml.js
whxdata\package_167_xml.js
whxdata\package_168_xml.js
whxdata\package_169_xml.js
whxdata\package_170_xml.js
whxdata\package_171_xml.js
whxdata\package_172_xml.js
whxdata\package_173_xml.js
whxdata\package_174_xml.js
whxdata\package_175_xml.js
whxdata\package_176_xml.js
whxdata\package_177_xml.js
whxdata\package_178_xml.js
whxdata\package_179_xml.js
whxdata\package_180_xml.js
whxdata\package_181_xml.js
whxdata\package_182_xml.js
whxdata\package_183_xml.js
whxdata\package_184_xml.js
whxdata\package_185_xml.js
whxdata\package_186_xml.js
whxdata\package_187_xml.js
whxdata\package_188_xml.js
whxdata\package_189_xml.js
whxdata\package_190_xml.js
whxdata\package_191_xml.js
whxdata\package_192_xml.js
whxdata\package_193_xml.js
whxdata\package_194_xml.js
whxdata\package_195_xml.js
whxdata\package_196_xml.js
whxdata\package_197_xml.js
whxdata\package_198_xml.js
whxdata\package_199_xml.js
whxdata\package_200_xml.js
whxdata\package_201_xml.js
whxdata\package_202_xml.js
whxdata\package_203_xml.js
whxdata\package_204_xml.js
whxdata\package_205_xml.js
whxdata\package_206_xml.js
whxdata\package_207_xml.js
whxdata\package_208_xml.js
whxdata\package_209_xml.js
whxdata\package_210_xml.js
whxdata\package_211_xml.js
whxdata\package_212_xml.js
whxdata\package_213_xml.js
whxdata\package_214_xml.js
whxdata\package_215_xml.js
whxdata\package_216_xml.js
whxdata\package_217_xml.js
whxdata\package_218_xml.js
whxdata\package_219_xml.js
whxdata\package_220_xml.js
whxdata\package_221_xml.js
whxdata\package_222_xml.js
whxdata\package_223_xml.js
whxdata\package_224_xml.js
whxdata\package_225_xml.js
whxdata\package_226_xml.js
whxdata\package_227_xml.js
whxdata\package_228_xml.js
whxdata\package_229_xml.js
whxdata\package_230_xml.js
whxdata\package_231_xml.js
whxdata\package_232_xml.js
whxdata\package_233_xml.js
whxdata\package_234_xml.js
whxdata\package_235_xml.js
whxdata\package_236_xml.js
whxdata\package_237_xml.js
whxdata\package_238_xml.js
whxdata\package_239_xml.js
whxdata\package_240_xml.js
whxdata\package_241_xml.js
whxdata\package_242_xml.js
whxdata\package_243_xml.js
whxdata\package_244_xml.js
whxdata\package_245_xml.js
whxdata\package_246_xml.js
whxdata\package_247_xml.js
whxdata\package_248_xml.js
whxdata\package_249_xml.js
whxdata\package_250_xml.js
whxdata\package_251_xml.js
whxdata\package_252_xml.js
whxdata\package_253_xml.js
whxdata\package_254_xml.js
whxdata\package_255_xml.js
whxdata\package_256_xml.js
whxdata\package_257_xml.js
whxdata\package_258_xml.js
whxdata\package_259_xml.js
whxdata\package_260_xml.js
whxdata\package_261_xml.js
whxdata\package_262_xml.js
whxdata\package_263_xml.js
whxdata\package_264_xml.js
whxdata\package_265_xml.js
whxdata\package_266_xml.js
whxdata\package_267_xml.js
whxdata\package_268_xml.js
whxdata\package_269_xml.js
whxdata\package_270_xml.js
whxdata\package_271_xml.js
whxdata\package_272_xml.js
whxdata\package_273_xml.js
whxdata\package_274_xml.js
whxdata\package_275_xml.js
whxdata\package_276_xml.js
whxdata\package_277_xml.js
whxdata\package_278_xml.js
whxdata\package_279_xml.js
whxdata\package_280_xml.js
whxdata\package_281_xml.js
whxdata\package_282_xml.js
whxdata\package_283_xml.js
whxdata\package_284_xml.js
whxdata\package_285_xml.js
whxdata\package_286_xml.js
whxdata\package_287_xml.js
whxdata\package_288_xml.js
whxdata\package_289_xml.js
whxdata\package_290_xml.js
whxdata\package_291_xml.js
whxdata\package_292_xml.js
whxdata\package_293_xml.js
whxdata\package_294_xml.js
whxdata\package_295_xml.js
whxdata\package_296_xml.js
whxdata\package_297_xml.js
whxdata\package_298_xml.js
whxdata\package_299_xml.js
whxdata\package_300_xml.js
whxdata\package_301_xml.js
whxdata\package_302_xml.js
whxdata\package_303_xml.js
whxdata\package_304_xml.js
whxdata\package_305_xml.js
whxdata\package_306_xml.js
whxdata\package_307_xml.js
whxdata\package_308_xml.js
whxdata\package_309_xml.js
whxdata\package_310_xml.js
whxdata\package_311_xml.js
whxdata\package_312_xml.js
whxdata\package_313_xml.js
whxdata\package_314_xml.js
whxdata\package_315_xml.js
whxdata\package_316_xml.js
whxdata\package_317_xml.js
whxdata\package_318_xml.js
whxdata\package_319_xml.js
whxdata\package_320_xml.js
whxdata\package_321_xml.js
whxdata\package_322_xml.js
whxdata\package_323_xml.js
whxdata\package_324_xml.js
whxdata\package_325_xml.js
whxdata\package_326_xml.js
whxdata\package_327_xml.js
whxdata\package_328_xml.js
whxdata\package_329_xml.js
whxdata\package_330_xml.js
whxdata\package_331_xml.js
whxdata\package_332_xml.js
whxdata\package_333_xml.js
whxdata\package_334_xml.js
whxdata\package_335_xml.js
whxdata\package_336_xml.js
whxdata\package_337_xml.js
whxdata\package_338_xml.js
whxdata\package_339_xml.js
whxdata\package_340_xml.js
whxdata\package_341_xml.js
whxdata\package_342_xml.js
whxdata\package_343_xml.js
whxdata\package_344_xml.js
whxdata\package_345_xml.js
whxdata\package_346_xml.js
whxdata\package_347_xml.js
whxdata\package_348_xml.js
whxdata\package_349_xml.js
whxdata\package_350_xml.js
whxdata\package_351_xml.js
whxdata\package_352_xml.js
whxdata\package_353_xml.js
whxdata\package_354_xml.js
whxdata\package_355_xml.js
whxdata\package_356_xml.js
whxdata\package_357_xml.js
whxdata\package_358_xml.js
whxdata\package_359_xml.js
whxdata\package_360_xml.js
whxdata\package_361_xml.js
whxdata\package_362_xml.js
whxdata\package_363_xml.js
whxdata\package_364_xml.js
whxdata\package_365_xml.js
whxdata\package_366_xml.js
whxdata\package_367_xml.js
whxdata\package_368_xml.js
whxdata\package_369_xml.js
whxdata\package_370_xml.js
whxdata\package_371_xml.js
whxdata\package_372_xml.js
whxdata\package_373_xml.js
whxdata\package_374_xml.js
whxdata\package_375_xml.js
whxdata\package_376_xml.js
whxdata\package_377_xml.js
whxdata\package_378_xml.js
whxdata\package_379_xml.js
whxdata\package_380_xml.js
whxdata\package_381_xml.js
whxdata\package_382_xml.js
whxdata\package_383_xml.js
whxdata\package_384_xml.js
whxdata\package_385_xml.js
whxdata\package_386_xml.js
whxdata\package_387_xml.js
whxdata\package_388_xml.js
whxdata\package_389_xml.js
whxdata\package_390_xml.js
whxdata\package_391_xml.js
whxdata\package_392_xml.js
whxdata\package_393_xml.js
whxdata\package_394_xml.js
whxdata\package_395_xml.js
whxdata\package_396_xml.js
whxdata\package_397_xml.js
whxdata\package_398_xml.js
whxdata\package_399_xml.js
whxdata\package_400_xml.js
whxdata\package_401_xml.js
whxdata\package_402_xml.js
whxdata\package_403_xml.js
whxdata\package_404_xml.js
whxdata\package_405_xml.js
whxdata\package_406_xml.js
whxdata\package_407_xml.js
whxdata\package_408_xml.js
whxdata\package_409_xml.js
whxdata\package_410_xml.js
whxdata\package_411_xml.js
whxdata\package_412_xml.js
whxdata\package_413_xml.js
whxdata\package_414_xml.js
whxdata\package_415_xml.js
whxdata\package_416_xml.js
whxdata\package_417_xml.js
whxdata\package_418_xml.js
whxdata\package_419_xml.js
whxdata\package_420_xml.js
whxdata\package_421_xml.js
whxdata\package_422_xml.js
whxdata\package_423_xml.js
whxdata\package_424_xml.js
whxdata\package_425_xml.js
whxdata\package_426_xml.js
whxdata\package_427_xml.js
whxdata\package_428_xml.js
whxdata\package_429_xml.js
whxdata\package_430_xml.js
whxdata\package_431_xml.js
whxdata\package_432_xml.js
whxdata\package_433_xml.js
whxdata\package_434_xml.js
whxdata\package_435_xml.js
whxdata\package_436_xml.js
whxdata\package_437_xml.js
whxdata\package_438_xml.js
whxdata\package_439_xml.js
whxdata\package_440_xml.js
whxdata\package_441_xml.js
whxdata\package_442_xml.js
whxdata\package_443_xml.js
whxdata\package_444_xml.js
whxdata\package_445_xml.js
whxdata\package_446_xml.js
whxdata\package_447_xml.js
whxdata\package_448_xml.js
whxdata\package_449_xml.js
whxdata\package_450_xml.js
whxdata\package_451_xml.js
whxdata\package_452_xml.js
whxdata\package_453_xml.js
whxdata\package_454_xml.js
whxdata\package_455_xml.js
whxdata\package_456_xml.js
whxdata\package_457_xml.js
whxdata\package_458_xml.js
whxdata\package_459_xml.js
whxdata\package_460_xml.js
whxdata\package_461_xml.js
whxdata\package_462_xml.js
whxdata\package_463_xml.js
whxdata\package_464_xml.js
whxdata\package_465_xml.js
whxdata\package_466_xml.js
whxdata\package_467_xml.js
whxdata\package_468_xml.js
whxdata\package_469_xml.js
whxdata\package_470_xml.js
whxdata\packageindex_xml.js
whxdata\synonym.xml
whxdata\synonym_xml.js
whxdata\topictable_0_xml.js
whxdata\topictableindex_xml.js
whxdata\whfts.xml
whxdata\whfts_xml.js
whxdata\csh.js
whxdata\window.js
projectdata.js
